#
# There is insufficient memory for the Java Runtime Environment to continue.
# Native memory allocation (malloc) failed to allocate 1048576 bytes for AllocateHeap
# Possible reasons:
#   The system is out of physical RAM or swap space
#   In 32 bit mode, the process size limit was hit
# Possible solutions:
#   Reduce memory load on the system
#   Increase physical memory or swap space
#   Check if swap backing store is full
#   Use 64 bit Java on a 64 bit OS
#   Decrease Java heap size (-Xmx/-Xms)
#   Decrease number of Java threads
#   Decrease Java thread stack sizes (-Xss)
#   Set larger code cache with -XX:ReservedCodeCacheSize=
# This output file may be truncated or incomplete.
#
#  Out of Memory Error (memory/allocation.inline.hpp:61), pid=34932, tid=0x0000000000008bd0
#
# JRE version:  (8.0_121-b13) (build )
# Java VM: Java HotSpot(TM) 64-Bit Server VM (25.121-b13 mixed mode windows-amd64 compressed oops)
# Failed to write core dump. Minidumps are not enabled by default on client versions of Windows
#

---------------  T H R E A D  ---------------

Current thread (0x000000000350d800):  JavaThread "Unknown thread" [_thread_in_vm, id=35792, stack(0x0000000003400000,0x0000000003500000)]

Stack: [0x0000000003400000,0x0000000003500000]
[error occurred during error reporting (printing stack bounds), id 0xc0000005]

Native frames: (J=compiled Java code, j=interpreted, Vv=VM code, C=native code)


---------------  P R O C E S S  ---------------

Java Threads: ( => current thread )

Other Threads:

=>0x000000000350d800 (exited) JavaThread "Unknown thread" [_thread_in_vm, id=35792, stack(0x0000000003400000,0x0000000003500000)]

VM state:not at safepoint (normal execution)

VM Mutex/Monitor currently owned by a thread: None

Heap:
 PSYoungGen      total 153088K, used 2631K [0x0000000715980000, 0x0000000720400000, 0x00000007c0000000)
  eden space 131584K, 2% used [0x0000000715980000,0x0000000715c11ec8,0x000000071da00000)
  from space 21504K, 0% used [0x000000071ef00000,0x000000071ef00000,0x0000000720400000)
  to   space 21504K, 0% used [0x000000071da00000,0x000000071da00000,0x000000071ef00000)
 ParOldGen       total 349696K, used 0K [0x00000005c0c00000, 0x00000005d6180000, 0x0000000715980000)
  object space 349696K, 0% used [0x00000005c0c00000,0x00000005c0c00000,0x00000005d6180000)
 Metaspace       used 783K, capacity 1092K, committed 1152K, reserved 1060864K
  class space    used 75K, capacity 384K, committed 384K, reserved 1048576K

Card table byte_map: [0x00000000129e0000,0x00000000139e0000] byte_map_base: 0x000000000fbda000

Marking Bits: (ParMarkBitMap*) 0x000000005c72b6d0
 Begin Bits: [0x0000000014890000, 0x000000001c860000)
 End Bits:   [0x000000001c860000, 0x0000000024830000)

Polling page: 0x0000000003090000

CodeCache: size=245760Kb used=327Kb max_used=327Kb free=245432Kb
 bounds [0x0000000003620000, 0x0000000003890000, 0x0000000012620000]
 total_blobs=57 nmethods=0 adapters=38
 compilation: enabled

Compilation events (0 events):
No events

GC Heap History (0 events):
No events

Deoptimization events (0 events):
No events

Internal exceptions (0 events):
No events

Events (10 events):
Event: 0.036 loading class java/lang/Short
Event: 0.036 loading class java/lang/Short done
Event: 0.036 loading class java/lang/Integer
Event: 0.036 loading class java/lang/Integer done
Event: 0.036 loading class java/lang/Long
Event: 0.036 loading class java/lang/Long done
Event: 0.037 loading class java/lang/NullPointerException
Event: 0.037 loading class java/lang/NullPointerException done
Event: 0.037 loading class java/lang/ArithmeticException
Event: 0.037 loading class java/lang/ArithmeticException done


Dynamic libraries:
0x00007ff7e7680000 - 0x00007ff7e76b7000 	C:\Program Files\Java\jre1.8.0_121\bin\javaw.exe
0x00007ffd24b30000 - 0x00007ffd24d26000 	C:\WINDOWS\SYSTEM32\ntdll.dll
0x00007ffd23170000 - 0x00007ffd2322d000 	C:\WINDOWS\System32\KERNEL32.DLL
0x00007ffd22400000 - 0x00007ffd226c9000 	C:\WINDOWS\System32\KERNELBASE.dll
0x00007ffd23d70000 - 0x00007ffd23e1c000 	C:\WINDOWS\System32\ADVAPI32.dll
0x00007ffd246f0000 - 0x00007ffd2478e000 	C:\WINDOWS\System32\msvcrt.dll
0x00007ffd232c0000 - 0x00007ffd2335c000 	C:\WINDOWS\System32\sechost.dll
0x00007ffd242a0000 - 0x00007ffd243cb000 	C:\WINDOWS\System32\RPCRT4.dll
0x00007ffd24550000 - 0x00007ffd246f0000 	C:\WINDOWS\System32\USER32.dll
0x00007ffd22820000 - 0x00007ffd22842000 	C:\WINDOWS\System32\win32u.dll
0x00007ffd23360000 - 0x00007ffd2338a000 	C:\WINDOWS\System32\GDI32.dll
0x00007ffd222f0000 - 0x00007ffd223f9000 	C:\WINDOWS\System32\gdi32full.dll
0x00007ffd22900000 - 0x00007ffd2299d000 	C:\WINDOWS\System32\msvcp_win.dll
0x00007ffd226d0000 - 0x00007ffd227d0000 	C:\WINDOWS\System32\ucrtbase.dll
0x00007ffd19e30000 - 0x00007ffd1a0cb000 	C:\WINDOWS\WinSxS\amd64_microsoft.windows.common-controls_6595b64144ccf1df_6.0.19041.488_none_ca04af081b815d21\COMCTL32.dll
0x00007ffd22cd0000 - 0x00007ffd22d00000 	C:\WINDOWS\System32\IMM32.DLL
0x000000005be30000 - 0x000000005bf02000 	C:\Program Files\Java\jre1.8.0_121\bin\msvcr100.dll
0x000000005bf10000 - 0x000000005c7ab000 	C:\Program Files\Java\jre1.8.0_121\bin\server\jvm.dll
0x00007ffd23230000 - 0x00007ffd23238000 	C:\WINDOWS\System32\PSAPI.DLL
0x00007ffd1a0d0000 - 0x00007ffd1a0f7000 	C:\WINDOWS\SYSTEM32\WINMM.dll
0x00007ffd1baa0000 - 0x00007ffd1baaa000 	C:\WINDOWS\SYSTEM32\VERSION.dll
0x00007ffd0fda0000 - 0x00007ffd0fda9000 	C:\WINDOWS\SYSTEM32\WSOCK32.dll
0x00007ffd24430000 - 0x00007ffd2449b000 	C:\WINDOWS\System32\WS2_32.dll
0x000000005d400000 - 0x000000005d40f000 	C:\Program Files\Java\jre1.8.0_121\bin\verify.dll
0x000000005d3d0000 - 0x000000005d3f9000 	C:\Program Files\Java\jre1.8.0_121\bin\java.dll
0x000000005d1a0000 - 0x000000005d1b6000 	C:\Program Files\Java\jre1.8.0_121\bin\zip.dll

VM Arguments:
jvm_args: -Dfile.encoding=UTF-8 -Xbootclasspath:C:\Program Files\Java\jdk1.8.0_121\jre\lib\resources.jar;C:\Program Files\Java\jdk1.8.0_121\jre\lib\rt.jar;C:\Program Files\Java\jdk1.8.0_121\jre\lib\jsse.jar;C:\Program Files\Java\jdk1.8.0_121\jre\lib\jce.jar;C:\Program Files\Java\jdk1.8.0_121\jre\lib\charsets.jar;C:\Program Files\Java\jdk1.8.0_121\jre\lib\jfr.jar;C:\Program Files\Java\jdk1.8.0_121\jre\lib\ext\access-bridge-64.jar;C:\Program Files\Java\jdk1.8.0_121\jre\lib\ext\cldrdata.jar;C:\Program Files\Java\jdk1.8.0_121\jre\lib\ext\dnsns.jar;C:\Program Files\Java\jdk1.8.0_121\jre\lib\ext\jaccess.jar;C:\Program Files\Java\jdk1.8.0_121\jre\lib\ext\jfxrt.jar;C:\Program Files\Java\jdk1.8.0_121\jre\lib\ext\localedata.jar;C:\Program Files\Java\jdk1.8.0_121\jre\lib\ext\nashorn.jar;C:\Program Files\Java\jdk1.8.0_121\jre\lib\ext\sunec.jar;C:\Program Files\Java\jdk1.8.0_121\jre\lib\ext\sunjce_provider.jar;C:\Program Files\Java\jdk1.8.0_121\jre\lib\ext\sunmscapi.jar;C:\Program Files\Java\jdk1.8.0_121\jre\lib\ext\sunpkcs11.jar;C:\Program Files\Java\jdk1.8.0_121\jre\lib\ext\zipfs.jar 
java_command: test.Calculator
java_class_path (initial): D:\Test\Git_Project\bin
Launcher Type: SUN_STANDARD

Environment Variables:
JAVA_HOME=C:\Program Files\Java\jdk1.8.0_121
PATH=C:/Program Files/Java/jre1.8.0_121/bin/server;C:/Program Files/Java/jre1.8.0_121/bin;C:/Program Files/Java/jre1.8.0_121/lib/amd64;D:\app\Heomh\product\11.2.0\client_1\bin;C:\ProgramData\Oracle\Java\javapath;C:\WINDOWS\system32;C:\WINDOWS;C:\WINDOWS\System32\Wbem;C:\WINDOWS\System32\WindowsPowerShell\v1.0\;C:\WINDOWS\System32\OpenSSH\;C:\Program Files\Java\jdk1.8.0_121\bin;C:\Program Files\nodejs\;C:\Program Files\TortoiseSVN\bin;C:\Program Files\VisualSVN Server\bin;C:\Users\Heomh\AppData\Local\Programs\Python\Python38-32\Scripts\;C:\Users\Heomh\AppData\Local\Programs\Python\Python38-32\;C:\Users\Heomh\AppData\Local\Microsoft\WindowsApps;C:\Users\Heomh\AppData\Roaming\npm;C:\Program Files\Java\jdk1.8.0_121\bin;;D:\eGovFrameDev-3.6.0-64bit\eclipse;
USERNAME=Heomh
OS=Windows_NT
PROCESSOR_IDENTIFIER=AMD64 Family 23 Model 17 Stepping 0, AuthenticAMD



---------------  S Y S T E M  ---------------

OS: Windows 10.0 , 64 bit Build 19041 (10.0.19041.662)

CPU:total 4 (4 cores per cpu, 1 threads per core) family 23 model 17 stepping 0, cmov, cx8, fxsr, mmx, sse, sse2, sse3, ssse3, sse4.1, sse4.2, popcnt, avx, avx2, aes, clmul, mmxext, 3dnowpref, lzcnt, sse4a, tsc, tscinvbit, tscinv, bmi1

Memory: 4k page, physical 33501516k(17301880k free), swap 63943752k(5220k free)

vm_info: Java HotSpot(TM) 64-Bit Server VM (25.121-b13) for windows-amd64 JRE (1.8.0_121-b13), built on Dec 12 2016 18:21:36 by "java_re" with MS VC++ 10.0 (VS2010)

time: Tue Jan 12 15:03:41 2021
elapsed time: 0 seconds (0d 0h 0m 0s)

